{"/Users/taylankalkan/developer/node/food-order-js/models/Customer.js": {"path":"/Users/taylankalkan/developer/node/food-order-js/models/Customer.js","statementMap":{"0":{"start":{"line":1,"column":17},"end":{"line":1,"column":36}},"1":{"start":{"line":2,"column":19},"end":{"line":2,"column":38}},"2":{"start":{"line":4,"column":23},"end":{"line":47,"column":1}},"3":{"start":{"line":48,"column":0},"end":{"line":48,"column":60}}},"fnMap":{},"branchMap":{},"s":{"0":1,"1":1,"2":1,"3":1},"f":{},"b":{},"_coverageSchema":"1a1c01bbd47fc00a2c39e90264f33305004495a9","hash":"f632a29a77e47d9660163c0f858aa3684448f183"}
}
